running egg_info
creating ../../build/mavros_gnc/mavros_gnc.egg-info
writing ../../build/mavros_gnc/mavros_gnc.egg-info/PKG-INFO
writing dependency_links to ../../build/mavros_gnc/mavros_gnc.egg-info/dependency_links.txt
writing entry points to ../../build/mavros_gnc/mavros_gnc.egg-info/entry_points.txt
writing requirements to ../../build/mavros_gnc/mavros_gnc.egg-info/requires.txt
writing top-level names to ../../build/mavros_gnc/mavros_gnc.egg-info/top_level.txt
writing manifest file '../../build/mavros_gnc/mavros_gnc.egg-info/SOURCES.txt'
reading manifest file '../../build/mavros_gnc/mavros_gnc.egg-info/SOURCES.txt'
writing manifest file '../../build/mavros_gnc/mavros_gnc.egg-info/SOURCES.txt'
running build
running build_py
creating /home/lizychen/mavros_gnc/build/mavros_gnc/build/lib/mavros_gnc
copying mavros_gnc/rosapi.py -> /home/lizychen/mavros_gnc/build/mavros_gnc/build/lib/mavros_gnc
copying mavros_gnc/PrintColours.py -> /home/lizychen/mavros_gnc/build/mavros_gnc/build/lib/mavros_gnc
copying mavros_gnc/__init__.py -> /home/lizychen/mavros_gnc/build/mavros_gnc/build/lib/mavros_gnc
running install
running install_lib
creating /home/lizychen/mavros_gnc/install/mavros_gnc/lib/python3.10/site-packages/mavros_gnc
copying /home/lizychen/mavros_gnc/build/mavros_gnc/build/lib/mavros_gnc/rosapi.py -> /home/lizychen/mavros_gnc/install/mavros_gnc/lib/python3.10/site-packages/mavros_gnc
copying /home/lizychen/mavros_gnc/build/mavros_gnc/build/lib/mavros_gnc/PrintColours.py -> /home/lizychen/mavros_gnc/install/mavros_gnc/lib/python3.10/site-packages/mavros_gnc
copying /home/lizychen/mavros_gnc/build/mavros_gnc/build/lib/mavros_gnc/__init__.py -> /home/lizychen/mavros_gnc/install/mavros_gnc/lib/python3.10/site-packages/mavros_gnc
byte-compiling /home/lizychen/mavros_gnc/install/mavros_gnc/lib/python3.10/site-packages/mavros_gnc/rosapi.py to rosapi.cpython-310.pyc
byte-compiling /home/lizychen/mavros_gnc/install/mavros_gnc/lib/python3.10/site-packages/mavros_gnc/PrintColours.py to PrintColours.cpython-310.pyc
byte-compiling /home/lizychen/mavros_gnc/install/mavros_gnc/lib/python3.10/site-packages/mavros_gnc/__init__.py to __init__.cpython-310.pyc
running install_data
creating /home/lizychen/mavros_gnc/install/mavros_gnc/share/ament_index/resource_index/packages
copying resource/mavros_gnc -> /home/lizychen/mavros_gnc/install/mavros_gnc/share/ament_index/resource_index/packages
copying package.xml -> /home/lizychen/mavros_gnc/install/mavros_gnc/share/mavros_gnc
running install_egg_info
Copying ../../build/mavros_gnc/mavros_gnc.egg-info to /home/lizychen/mavros_gnc/install/mavros_gnc/lib/python3.10/site-packages/mavros_gnc-0.0.0-py3.10.egg-info
running install_scripts
Installing gnc_node script to /home/lizychen/mavros_gnc/install/mavros_gnc/lib/mavros_gnc
writing list of installed files to '/home/lizychen/mavros_gnc/build/mavros_gnc/install.log'
