[0.622s] Invoking command in '/home/lizychen/mavros_gnc/src/mavros_gnc': PYTHONPATH=/home/lizychen/mavros_gnc/build/mavros_gnc/prefix_override:/usr/lib/python3/dist-packages/colcon_core/task/python/colcon_distutils_commands:/home/lizychen/mavros_gnc/install/mavros_gnc/lib/python3.10/site-packages:${PYTHONPATH} /usr/bin/python3 -W ignore:setup.py install is deprecated setup.py egg_info --egg-base ../../build/mavros_gnc build --build-base /home/lizychen/mavros_gnc/build/mavros_gnc/build install --record /home/lizychen/mavros_gnc/build/mavros_gnc/install.log --single-version-externally-managed install_data
[0.720s] /home/lizychen/.local/lib/python3.10/site-packages/setuptools/_distutils/dist.py:261: UserWarning: Unknown distribution option: 'tests_require'
[0.720s]   warnings.warn(msg)
[0.781s] running egg_info
[0.791s] creating ../../build/mavros_gnc/mavros_gnc.egg-info
[0.791s] writing ../../build/mavros_gnc/mavros_gnc.egg-info/PKG-INFO
[0.791s] writing dependency_links to ../../build/mavros_gnc/mavros_gnc.egg-info/dependency_links.txt
[0.791s] writing entry points to ../../build/mavros_gnc/mavros_gnc.egg-info/entry_points.txt
[0.791s] writing requirements to ../../build/mavros_gnc/mavros_gnc.egg-info/requires.txt
[0.791s] writing top-level names to ../../build/mavros_gnc/mavros_gnc.egg-info/top_level.txt
[0.792s] writing manifest file '../../build/mavros_gnc/mavros_gnc.egg-info/SOURCES.txt'
[0.812s] reading manifest file '../../build/mavros_gnc/mavros_gnc.egg-info/SOURCES.txt'
[0.813s] writing manifest file '../../build/mavros_gnc/mavros_gnc.egg-info/SOURCES.txt'
[0.813s] running build
[0.813s] running build_py
[0.813s] creating /home/lizychen/mavros_gnc/build/mavros_gnc/build/lib/mavros_gnc
[0.813s] copying mavros_gnc/rosapi.py -> /home/lizychen/mavros_gnc/build/mavros_gnc/build/lib/mavros_gnc
[0.813s] copying mavros_gnc/PrintColours.py -> /home/lizychen/mavros_gnc/build/mavros_gnc/build/lib/mavros_gnc
[0.814s] copying mavros_gnc/__init__.py -> /home/lizychen/mavros_gnc/build/mavros_gnc/build/lib/mavros_gnc
[0.814s] running install
[0.817s] running install_lib
[0.828s] creating /home/lizychen/mavros_gnc/install/mavros_gnc/lib/python3.10/site-packages/mavros_gnc
[0.828s] copying /home/lizychen/mavros_gnc/build/mavros_gnc/build/lib/mavros_gnc/rosapi.py -> /home/lizychen/mavros_gnc/install/mavros_gnc/lib/python3.10/site-packages/mavros_gnc
[0.828s] copying /home/lizychen/mavros_gnc/build/mavros_gnc/build/lib/mavros_gnc/PrintColours.py -> /home/lizychen/mavros_gnc/install/mavros_gnc/lib/python3.10/site-packages/mavros_gnc
[0.828s] copying /home/lizychen/mavros_gnc/build/mavros_gnc/build/lib/mavros_gnc/__init__.py -> /home/lizychen/mavros_gnc/install/mavros_gnc/lib/python3.10/site-packages/mavros_gnc
[0.829s] byte-compiling /home/lizychen/mavros_gnc/install/mavros_gnc/lib/python3.10/site-packages/mavros_gnc/rosapi.py to rosapi.cpython-310.pyc
[0.831s] byte-compiling /home/lizychen/mavros_gnc/install/mavros_gnc/lib/python3.10/site-packages/mavros_gnc/PrintColours.py to PrintColours.cpython-310.pyc
[0.831s] byte-compiling /home/lizychen/mavros_gnc/install/mavros_gnc/lib/python3.10/site-packages/mavros_gnc/__init__.py to __init__.cpython-310.pyc
[0.831s] running install_data
[0.831s] creating /home/lizychen/mavros_gnc/install/mavros_gnc/share/ament_index/resource_index/packages
[0.831s] copying resource/mavros_gnc -> /home/lizychen/mavros_gnc/install/mavros_gnc/share/ament_index/resource_index/packages
[0.831s] copying package.xml -> /home/lizychen/mavros_gnc/install/mavros_gnc/share/mavros_gnc
[0.831s] running install_egg_info
[0.842s] Copying ../../build/mavros_gnc/mavros_gnc.egg-info to /home/lizychen/mavros_gnc/install/mavros_gnc/lib/python3.10/site-packages/mavros_gnc-0.0.0-py3.10.egg-info
[0.842s] running install_scripts
[0.926s] Installing gnc_node script to /home/lizychen/mavros_gnc/install/mavros_gnc/lib/mavros_gnc
[0.926s] writing list of installed files to '/home/lizychen/mavros_gnc/build/mavros_gnc/install.log'
[0.943s] Invoked command in '/home/lizychen/mavros_gnc/src/mavros_gnc' returned '0': PYTHONPATH=/home/lizychen/mavros_gnc/build/mavros_gnc/prefix_override:/usr/lib/python3/dist-packages/colcon_core/task/python/colcon_distutils_commands:/home/lizychen/mavros_gnc/install/mavros_gnc/lib/python3.10/site-packages:${PYTHONPATH} /usr/bin/python3 -W ignore:setup.py install is deprecated setup.py egg_info --egg-base ../../build/mavros_gnc build --build-base /home/lizychen/mavros_gnc/build/mavros_gnc/build install --record /home/lizychen/mavros_gnc/build/mavros_gnc/install.log --single-version-externally-managed install_data
