[0.539s] Invoking command in '/home/lizychen/mavros_gnc/src/mavros_gnc': PYTHONPATH=/home/lizychen/mavros_gnc/build/mavros_gnc/prefix_override:/usr/lib/python3/dist-packages/colcon_core/task/python/colcon_distutils_commands:/home/lizychen/mavros_gnc/install/mavros_gnc/lib/python3.10/site-packages:${PYTHONPATH} /usr/bin/python3 -W ignore:setup.py install is deprecated setup.py egg_info --egg-base ../../build/mavros_gnc build --build-base /home/lizychen/mavros_gnc/build/mavros_gnc/build install --record /home/lizychen/mavros_gnc/build/mavros_gnc/install.log --single-version-externally-managed install_data
[0.633s] /home/lizychen/.local/lib/python3.10/site-packages/setuptools/_distutils/dist.py:261: UserWarning: Unknown distribution option: 'tests_require'
[0.633s]   warnings.warn(msg)
[0.694s] running egg_info
[0.703s] writing ../../build/mavros_gnc/mavros_gnc.egg-info/PKG-INFO
[0.704s] writing dependency_links to ../../build/mavros_gnc/mavros_gnc.egg-info/dependency_links.txt
[0.704s] writing entry points to ../../build/mavros_gnc/mavros_gnc.egg-info/entry_points.txt
[0.704s] writing requirements to ../../build/mavros_gnc/mavros_gnc.egg-info/requires.txt
[0.704s] writing top-level names to ../../build/mavros_gnc/mavros_gnc.egg-info/top_level.txt
[0.727s] reading manifest file '../../build/mavros_gnc/mavros_gnc.egg-info/SOURCES.txt'
[0.727s] writing manifest file '../../build/mavros_gnc/mavros_gnc.egg-info/SOURCES.txt'
[0.727s] running build
[0.727s] running build_py
[0.728s] copying mavros_gnc/PrintColours.py -> /home/lizychen/mavros_gnc/build/mavros_gnc/build/lib/mavros_gnc
[0.728s] copying mavros_gnc/__init__.py -> /home/lizychen/mavros_gnc/build/mavros_gnc/build/lib/mavros_gnc
[0.728s] copying mavros_gnc/gnc_api.py -> /home/lizychen/mavros_gnc/build/mavros_gnc/build/lib/mavros_gnc
[0.728s] running install
[0.731s] running install_lib
[0.742s] copying /home/lizychen/mavros_gnc/build/mavros_gnc/build/lib/mavros_gnc/gnc_api.py -> /home/lizychen/mavros_gnc/install/mavros_gnc/lib/python3.10/site-packages/mavros_gnc
[0.742s] byte-compiling /home/lizychen/mavros_gnc/install/mavros_gnc/lib/python3.10/site-packages/mavros_gnc/gnc_api.py to gnc_api.cpython-310.pyc
[0.744s] running install_data
[0.744s] copying resource/mavros_gnc -> /home/lizychen/mavros_gnc/install/mavros_gnc/share/ament_index/resource_index/packages
[0.744s] copying package.xml -> /home/lizychen/mavros_gnc/install/mavros_gnc/share/mavros_gnc
[0.744s] running install_egg_info
[0.755s] removing '/home/lizychen/mavros_gnc/install/mavros_gnc/lib/python3.10/site-packages/mavros_gnc-0.0.0-py3.10.egg-info' (and everything under it)
[0.755s] Copying ../../build/mavros_gnc/mavros_gnc.egg-info to /home/lizychen/mavros_gnc/install/mavros_gnc/lib/python3.10/site-packages/mavros_gnc-0.0.0-py3.10.egg-info
[0.755s] running install_scripts
[0.842s] Installing gnc_api script to /home/lizychen/mavros_gnc/install/mavros_gnc/lib/mavros_gnc
[0.843s] writing list of installed files to '/home/lizychen/mavros_gnc/build/mavros_gnc/install.log'
[0.859s] Invoked command in '/home/lizychen/mavros_gnc/src/mavros_gnc' returned '0': PYTHONPATH=/home/lizychen/mavros_gnc/build/mavros_gnc/prefix_override:/usr/lib/python3/dist-packages/colcon_core/task/python/colcon_distutils_commands:/home/lizychen/mavros_gnc/install/mavros_gnc/lib/python3.10/site-packages:${PYTHONPATH} /usr/bin/python3 -W ignore:setup.py install is deprecated setup.py egg_info --egg-base ../../build/mavros_gnc build --build-base /home/lizychen/mavros_gnc/build/mavros_gnc/build install --record /home/lizychen/mavros_gnc/build/mavros_gnc/install.log --single-version-externally-managed install_data
