[0.697s] Invoking command in '/home/lizychen/mavros_gnc/src/mavros_gnc': PYTHONPATH=/home/lizychen/mavros_gnc/build/mavros_gnc/prefix_override:/usr/lib/python3/dist-packages/colcon_core/task/python/colcon_distutils_commands:/home/lizychen/mavros_gnc/install/mavros_gnc/lib/python3.10/site-packages:${PYTHONPATH} /usr/bin/python3 -W ignore:setup.py install is deprecated setup.py egg_info --egg-base ../../build/mavros_gnc build --build-base /home/lizychen/mavros_gnc/build/mavros_gnc/build install --record /home/lizychen/mavros_gnc/build/mavros_gnc/install.log --single-version-externally-managed install_data
[0.808s] /home/lizychen/.local/lib/python3.10/site-packages/setuptools/_distutils/dist.py:261: UserWarning: Unknown distribution option: 'tests_require'
[0.808s]   warnings.warn(msg)
[0.879s] running egg_info
[0.890s] writing ../../build/mavros_gnc/mavros_gnc.egg-info/PKG-INFO
[0.890s] writing dependency_links to ../../build/mavros_gnc/mavros_gnc.egg-info/dependency_links.txt
[0.890s] writing entry points to ../../build/mavros_gnc/mavros_gnc.egg-info/entry_points.txt
[0.890s] writing requirements to ../../build/mavros_gnc/mavros_gnc.egg-info/requires.txt
[0.890s] writing top-level names to ../../build/mavros_gnc/mavros_gnc.egg-info/top_level.txt
[0.914s] reading manifest file '../../build/mavros_gnc/mavros_gnc.egg-info/SOURCES.txt'
[0.915s] writing manifest file '../../build/mavros_gnc/mavros_gnc.egg-info/SOURCES.txt'
[0.916s] running build
[0.916s] running build_py
[0.916s] copying mavros_gnc/PrintColours.py -> /home/lizychen/mavros_gnc/build/mavros_gnc/build/lib/mavros_gnc
[0.916s] copying mavros_gnc/__init__.py -> /home/lizychen/mavros_gnc/build/mavros_gnc/build/lib/mavros_gnc
[0.916s] copying mavros_gnc/gnc_api.py -> /home/lizychen/mavros_gnc/build/mavros_gnc/build/lib/mavros_gnc
[0.916s] running install
[0.920s] running install_lib
[0.932s] running install_data
[0.932s] copying resource/mavros_gnc -> /home/lizychen/mavros_gnc/install/mavros_gnc/share/ament_index/resource_index/packages
[0.932s] copying package.xml -> /home/lizychen/mavros_gnc/install/mavros_gnc/share/mavros_gnc
[0.932s] running install_egg_info
[0.944s] removing '/home/lizychen/mavros_gnc/install/mavros_gnc/lib/python3.10/site-packages/mavros_gnc-0.0.0-py3.10.egg-info' (and everything under it)
[0.945s] Copying ../../build/mavros_gnc/mavros_gnc.egg-info to /home/lizychen/mavros_gnc/install/mavros_gnc/lib/python3.10/site-packages/mavros_gnc-0.0.0-py3.10.egg-info
[0.945s] running install_scripts
[1.045s] Installing gnc_api script to /home/lizychen/mavros_gnc/install/mavros_gnc/lib/mavros_gnc
[1.045s] writing list of installed files to '/home/lizychen/mavros_gnc/build/mavros_gnc/install.log'
[1.062s] Invoked command in '/home/lizychen/mavros_gnc/src/mavros_gnc' returned '0': PYTHONPATH=/home/lizychen/mavros_gnc/build/mavros_gnc/prefix_override:/usr/lib/python3/dist-packages/colcon_core/task/python/colcon_distutils_commands:/home/lizychen/mavros_gnc/install/mavros_gnc/lib/python3.10/site-packages:${PYTHONPATH} /usr/bin/python3 -W ignore:setup.py install is deprecated setup.py egg_info --egg-base ../../build/mavros_gnc build --build-base /home/lizychen/mavros_gnc/build/mavros_gnc/build install --record /home/lizychen/mavros_gnc/build/mavros_gnc/install.log --single-version-externally-managed install_data
